<?xml version="1.0" encoding="UTF-8"?>
<beans xmlns="http://www.springframework.org/schema/beans"
	xmlns:xsi="http://www.w3.org/2001/XMLSchema-instance"
	xsi:schemaLocation="http://www.springframework.org/schema/beans https://www.springframework.org/schema/beans/spring-beans.xsd">
	
	<!-- configuration파일 여러개 실습 : web.xml에 등록 -->
	<!-- test-context.xml -->
		
	<bean id="world" class="com.controller.WorldController"/>	
</beans>
